c:\users\thijs\documents\visual studio 2015\projects\audio\serverfunc\debug\serverfunc.pdb
c:\users\thijs\documents\visual studio 2015\projects\audio\serverfunc\debug\serverfunc.idb
c:\users\thijs\documents\visual studio 2015\projects\audio\serverfunc\debug\source.obj
c:\users\thijs\documents\visual studio 2015\projects\audio\serverfunc\debug\vc140.pdb
c:\users\thijs\documents\visual studio 2015\projects\audio\serverfunc\debug\vc140.idb
c:\users\thijs\documents\visual studio 2015\projects\audio\debug\serverfunc.lib
c:\users\thijs\documents\visual studio 2015\projects\audio\debug\serverfunc.ilk
c:\users\thijs\documents\visual studio 2015\projects\audio\debug\serverfunc.dll
c:\users\thijs\documents\visual studio 2015\projects\audio\debug\serverfunc.pdb
c:\users\thijs\documents\visual studio 2015\projects\audio\debug\serverfunc.exp
c:\users\thijs\documents\visual studio 2015\projects\audio\serverfunc\debug\serverfunc.tlog\cl.command.1.tlog
c:\users\thijs\documents\visual studio 2015\projects\audio\serverfunc\debug\serverfunc.tlog\cl.read.1.tlog
c:\users\thijs\documents\visual studio 2015\projects\audio\serverfunc\debug\serverfunc.tlog\cl.write.1.tlog
c:\users\thijs\documents\visual studio 2015\projects\audio\serverfunc\debug\serverfunc.tlog\lib-link.read.1.tlog
c:\users\thijs\documents\visual studio 2015\projects\audio\serverfunc\debug\serverfunc.tlog\lib-link.write.1.tlog
c:\users\thijs\documents\visual studio 2015\projects\audio\serverfunc\debug\serverfunc.tlog\lib.command.1.tlog
c:\users\thijs\documents\visual studio 2015\projects\audio\serverfunc\debug\serverfunc.tlog\link.command.1.tlog
c:\users\thijs\documents\visual studio 2015\projects\audio\serverfunc\debug\serverfunc.tlog\link.read.1.tlog
c:\users\thijs\documents\visual studio 2015\projects\audio\serverfunc\debug\serverfunc.tlog\link.write.1.tlog
c:\users\thijs\documents\visual studio 2015\projects\audio\serverfunc\debug\serverfunc.tlog\serverfunc.write.1u.tlog
